[0.570s] DEBUG:colcon:Command line arguments: ['/usr/bin/colcon', 'build']
[0.570s] DEBUG:colcon:Parsed command line arguments: Namespace(log_base=None, log_level=None, verb_name='build', build_base='build', install_base='install', merge_install=False, symlink_install=False, test_result_base=None, continue_on_error=False, executor='parallel', parallel_workers=2, event_handlers=None, ignore_user_meta=False, metas=['./colcon.meta'], base_paths=['.'], packages_ignore=None, packages_ignore_regex=None, paths=None, packages_up_to=None, packages_up_to_regex=None, packages_above=None, packages_above_and_dependencies=None, packages_above_depth=None, packages_select_by_dep=None, packages_skip_by_dep=None, packages_skip_up_to=None, packages_select_build_failed=False, packages_skip_build_finished=False, packages_select_test_failures=False, packages_skip_test_passed=False, packages_select=None, packages_skip=None, packages_select_regex=None, packages_skip_regex=None, packages_start=None, packages_end=None, allow_overriding=[], cmake_args=None, cmake_target=None, cmake_target_skip_unavailable=False, cmake_clean_cache=False, cmake_clean_first=False, cmake_force_configure=False, ament_cmake_args=None, catkin_cmake_args=None, catkin_skip_building_tests=False, verb_parser=<colcon_defaults.argument_parser.defaults.DefaultArgumentsDecorator object at 0xffffb02b9ea0>, verb_extension=<colcon_core.verb.build.BuildVerb object at 0xffffb02baa10>, main=<bound method BuildVerb.main of <colcon_core.verb.build.BuildVerb object at 0xffffb02baa10>>)
[0.609s] Level 1:colcon.colcon_core.package_discovery:discover_packages(colcon_meta) check parameters
[0.610s] Level 1:colcon.colcon_core.package_discovery:discover_packages(recursive) check parameters
[0.610s] Level 1:colcon.colcon_core.package_discovery:discover_packages(ignore) check parameters
[0.610s] Level 1:colcon.colcon_core.package_discovery:discover_packages(path) check parameters
[0.610s] Level 1:colcon.colcon_core.package_discovery:discover_packages(colcon_meta) discover
[0.610s] Level 1:colcon.colcon_core.package_discovery:discover_packages(recursive) discover
[0.610s] INFO:colcon.colcon_core.package_discovery:Crawling recursively for packages in '/home/parallels/yashomgit'
[0.610s] Level 1:colcon.colcon_core.package_identification:_identify(.) by extensions ['ignore', 'ignore_ament_install']
[0.610s] Level 1:colcon.colcon_core.package_identification:_identify(.) by extension 'ignore'
[0.610s] Level 1:colcon.colcon_core.package_identification:_identify(.) by extension 'ignore_ament_install'
[0.610s] Level 1:colcon.colcon_core.package_identification:_identify(.) by extensions ['colcon_pkg']
[0.610s] Level 1:colcon.colcon_core.package_identification:_identify(.) by extension 'colcon_pkg'
[0.610s] Level 1:colcon.colcon_core.package_identification:_identify(.) by extensions ['colcon_meta']
[0.610s] Level 1:colcon.colcon_core.package_identification:_identify(.) by extension 'colcon_meta'
[0.610s] Level 1:colcon.colcon_core.package_identification:_identify(.) by extensions ['ros']
[0.610s] Level 1:colcon.colcon_core.package_identification:_identify(.) by extension 'ros'
[0.618s] Level 1:colcon.colcon_core.package_identification:_identify(.) by extensions ['cmake', 'python']
[0.618s] Level 1:colcon.colcon_core.package_identification:_identify(.) by extension 'cmake'
[0.618s] Level 1:colcon.colcon_core.package_identification:_identify(.) by extension 'python'
[0.618s] Level 1:colcon.colcon_core.package_identification:_identify(.) by extensions ['python_setup_py']
[0.618s] Level 1:colcon.colcon_core.package_identification:_identify(.) by extension 'python_setup_py'
[0.618s] Level 1:colcon.colcon_core.package_identification:_identify(build) by extensions ['ignore', 'ignore_ament_install']
[0.618s] Level 1:colcon.colcon_core.package_identification:_identify(build) by extension 'ignore'
[0.618s] Level 1:colcon.colcon_core.package_identification:_identify(build) ignored
[0.618s] Level 1:colcon.colcon_core.package_identification:_identify(f1tenth_gym_ros) by extensions ['ignore', 'ignore_ament_install']
[0.618s] Level 1:colcon.colcon_core.package_identification:_identify(f1tenth_gym_ros) by extension 'ignore'
[0.618s] Level 1:colcon.colcon_core.package_identification:_identify(f1tenth_gym_ros) by extension 'ignore_ament_install'
[0.618s] Level 1:colcon.colcon_core.package_identification:_identify(f1tenth_gym_ros) by extensions ['colcon_pkg']
[0.618s] Level 1:colcon.colcon_core.package_identification:_identify(f1tenth_gym_ros) by extension 'colcon_pkg'
[0.618s] Level 1:colcon.colcon_core.package_identification:_identify(f1tenth_gym_ros) by extensions ['colcon_meta']
[0.618s] Level 1:colcon.colcon_core.package_identification:_identify(f1tenth_gym_ros) by extension 'colcon_meta'
[0.618s] Level 1:colcon.colcon_core.package_identification:_identify(f1tenth_gym_ros) by extensions ['ros']
[0.618s] Level 1:colcon.colcon_core.package_identification:_identify(f1tenth_gym_ros) by extension 'ros'
[0.620s] DEBUG:colcon.colcon_core.package_identification:Package 'f1tenth_gym_ros' with type 'ros.ament_python' and name 'f1tenth_gym_ros'
[0.621s] Level 1:colcon.colcon_core.package_identification:_identify(install) by extensions ['ignore', 'ignore_ament_install']
[0.621s] Level 1:colcon.colcon_core.package_identification:_identify(install) by extension 'ignore'
[0.621s] Level 1:colcon.colcon_core.package_identification:_identify(install) ignored
[0.621s] Level 1:colcon.colcon_core.package_identification:_identify(log) by extensions ['ignore', 'ignore_ament_install']
[0.621s] Level 1:colcon.colcon_core.package_identification:_identify(log) by extension 'ignore'
[0.621s] Level 1:colcon.colcon_core.package_identification:_identify(log) ignored
[0.621s] Level 1:colcon.colcon_core.package_discovery:discover_packages(recursive) using defaults
[0.621s] Level 1:colcon.colcon_core.package_discovery:discover_packages(ignore) discover
[0.621s] Level 1:colcon.colcon_core.package_discovery:discover_packages(ignore) using defaults
[0.621s] Level 1:colcon.colcon_core.package_discovery:discover_packages(path) discover
[0.621s] Level 1:colcon.colcon_core.package_discovery:discover_packages(path) using defaults
[0.672s] Level 1:colcon.colcon_core.package_discovery:discover_packages(prefix_path) check parameters
[0.672s] Level 1:colcon.colcon_core.package_discovery:discover_packages(prefix_path) discover
[0.688s] DEBUG:colcon.colcon_installed_package_information.package_discovery:Found 301 installed packages in /opt/ros/humble
[0.689s] Level 1:colcon.colcon_core.package_discovery:discover_packages(prefix_path) using defaults
[0.737s] Level 5:colcon.colcon_core.verb:set package 'f1tenth_gym_ros' build argument 'cmake_args' from command line to 'None'
[0.737s] Level 5:colcon.colcon_core.verb:set package 'f1tenth_gym_ros' build argument 'cmake_target' from command line to 'None'
[0.737s] Level 5:colcon.colcon_core.verb:set package 'f1tenth_gym_ros' build argument 'cmake_target_skip_unavailable' from command line to 'False'
[0.737s] Level 5:colcon.colcon_core.verb:set package 'f1tenth_gym_ros' build argument 'cmake_clean_cache' from command line to 'False'
[0.737s] Level 5:colcon.colcon_core.verb:set package 'f1tenth_gym_ros' build argument 'cmake_clean_first' from command line to 'False'
[0.737s] Level 5:colcon.colcon_core.verb:set package 'f1tenth_gym_ros' build argument 'cmake_force_configure' from command line to 'False'
[0.737s] Level 5:colcon.colcon_core.verb:set package 'f1tenth_gym_ros' build argument 'ament_cmake_args' from command line to 'None'
[0.737s] Level 5:colcon.colcon_core.verb:set package 'f1tenth_gym_ros' build argument 'catkin_cmake_args' from command line to 'None'
[0.737s] Level 5:colcon.colcon_core.verb:set package 'f1tenth_gym_ros' build argument 'catkin_skip_building_tests' from command line to 'False'
[0.737s] DEBUG:colcon.colcon_core.verb:Building package 'f1tenth_gym_ros' with the following arguments: {'ament_cmake_args': None, 'build_base': '/home/parallels/yashomgit/build/f1tenth_gym_ros', 'catkin_cmake_args': None, 'catkin_skip_building_tests': False, 'cmake_args': None, 'cmake_clean_cache': False, 'cmake_clean_first': False, 'cmake_force_configure': False, 'cmake_target': None, 'cmake_target_skip_unavailable': False, 'install_base': '/home/parallels/yashomgit/install/f1tenth_gym_ros', 'merge_install': False, 'path': '/home/parallels/yashomgit/f1tenth_gym_ros', 'symlink_install': False, 'test_result_base': None}
[0.744s] INFO:colcon.colcon_core.executor:Executing jobs using 'parallel' executor
[0.750s] DEBUG:colcon.colcon_parallel_executor.executor.parallel:run_until_complete
[0.751s] INFO:colcon.colcon_ros.task.ament_python.build:Building ROS package in '/home/parallels/yashomgit/f1tenth_gym_ros' with build type 'ament_python'
[0.751s] Level 1:colcon.colcon_core.shell:create_environment_hook('f1tenth_gym_ros', 'ament_prefix_path')
[0.760s] INFO:colcon.colcon_core.plugin_system:Skipping extension 'colcon_core.shell.bat': Not used on non-Windows systems
[0.760s] INFO:colcon.colcon_core.shell:Creating environment hook '/home/parallels/yashomgit/install/f1tenth_gym_ros/share/f1tenth_gym_ros/hook/ament_prefix_path.ps1'
[0.761s] INFO:colcon.colcon_core.shell:Creating environment descriptor '/home/parallels/yashomgit/install/f1tenth_gym_ros/share/f1tenth_gym_ros/hook/ament_prefix_path.dsv'
[0.761s] INFO:colcon.colcon_core.shell:Creating environment hook '/home/parallels/yashomgit/install/f1tenth_gym_ros/share/f1tenth_gym_ros/hook/ament_prefix_path.sh'
[0.768s] INFO:colcon.colcon_core.shell:Skip shell extension 'powershell' for command environment: Not usable outside of PowerShell
[0.768s] DEBUG:colcon.colcon_core.shell:Skip shell extension 'dsv' for command environment
[0.923s] INFO:colcon.colcon_core.task.python.build:Building Python package in '/home/parallels/yashomgit/f1tenth_gym_ros'
[0.930s] INFO:colcon.colcon_core.shell:Skip shell extension 'powershell' for command environment: Not usable outside of PowerShell
[0.930s] DEBUG:colcon.colcon_core.shell:Skip shell extension 'dsv' for command environment
[1.211s] DEBUG:colcon.colcon_core.event_handler.log_command:Invoking command in '/home/parallels/yashomgit/f1tenth_gym_ros': PYTHONPATH=/home/parallels/yashomgit/build/f1tenth_gym_ros/prefix_override:/home/parallels/yashomgit/install/f1tenth_gym_ros/lib/python3.10/site-packages:${PYTHONPATH} /usr/bin/python3 setup.py egg_info --egg-base ../build/f1tenth_gym_ros build --build-base /home/parallels/yashomgit/build/f1tenth_gym_ros/build install --record /home/parallels/yashomgit/build/f1tenth_gym_ros/install.log --install-scripts $base/lib/f1tenth_gym_ros --single-version-externally-managed
[1.358s] DEBUG:colcon.colcon_core.event_handler.log_command:Invoked command in '/home/parallels/yashomgit/f1tenth_gym_ros' returned '0': PYTHONPATH=/home/parallels/yashomgit/build/f1tenth_gym_ros/prefix_override:/home/parallels/yashomgit/install/f1tenth_gym_ros/lib/python3.10/site-packages:${PYTHONPATH} /usr/bin/python3 setup.py egg_info --egg-base ../build/f1tenth_gym_ros build --build-base /home/parallels/yashomgit/build/f1tenth_gym_ros/build install --record /home/parallels/yashomgit/build/f1tenth_gym_ros/install.log --install-scripts $base/lib/f1tenth_gym_ros --single-version-externally-managed
[1.369s] Level 1:colcon.colcon_core.environment:checking '/home/parallels/yashomgit/install/f1tenth_gym_ros' for CMake module files
[1.369s] Level 1:colcon.colcon_core.environment:checking '/home/parallels/yashomgit/install/f1tenth_gym_ros' for CMake config files
[1.369s] Level 1:colcon.colcon_core.environment:checking '/home/parallels/yashomgit/install/f1tenth_gym_ros/lib'
[1.369s] Level 1:colcon.colcon_core.environment:checking '/home/parallels/yashomgit/install/f1tenth_gym_ros/bin'
[1.369s] Level 1:colcon.colcon_core.environment:checking '/home/parallels/yashomgit/install/f1tenth_gym_ros/lib/pkgconfig/f1tenth_gym_ros.pc'
[1.369s] Level 1:colcon.colcon_core.environment:checking '/home/parallels/yashomgit/install/f1tenth_gym_ros/lib/python3.10/site-packages'
[1.370s] Level 1:colcon.colcon_core.shell:create_environment_hook('f1tenth_gym_ros', 'pythonpath')
[1.376s] INFO:colcon.colcon_core.shell:Creating environment hook '/home/parallels/yashomgit/install/f1tenth_gym_ros/share/f1tenth_gym_ros/hook/pythonpath.ps1'
[1.376s] INFO:colcon.colcon_core.shell:Creating environment descriptor '/home/parallels/yashomgit/install/f1tenth_gym_ros/share/f1tenth_gym_ros/hook/pythonpath.dsv'
[1.376s] INFO:colcon.colcon_core.shell:Creating environment hook '/home/parallels/yashomgit/install/f1tenth_gym_ros/share/f1tenth_gym_ros/hook/pythonpath.sh'
[1.377s] Level 1:colcon.colcon_core.environment:checking '/home/parallels/yashomgit/install/f1tenth_gym_ros/bin'
[1.377s] Level 1:colcon.colcon_core.environment:create_environment_scripts_only(f1tenth_gym_ros)
[1.383s] INFO:colcon.colcon_core.shell:Creating package script '/home/parallels/yashomgit/install/f1tenth_gym_ros/share/f1tenth_gym_ros/package.ps1'
[1.384s] INFO:colcon.colcon_core.shell:Creating package descriptor '/home/parallels/yashomgit/install/f1tenth_gym_ros/share/f1tenth_gym_ros/package.dsv'
[1.384s] INFO:colcon.colcon_core.shell:Creating package script '/home/parallels/yashomgit/install/f1tenth_gym_ros/share/f1tenth_gym_ros/package.sh'
[1.385s] INFO:colcon.colcon_core.shell:Creating package script '/home/parallels/yashomgit/install/f1tenth_gym_ros/share/f1tenth_gym_ros/package.bash'
[1.386s] INFO:colcon.colcon_core.shell:Creating package script '/home/parallels/yashomgit/install/f1tenth_gym_ros/share/f1tenth_gym_ros/package.zsh'
[1.386s] Level 1:colcon.colcon_core.environment:create_file_with_runtime_dependencies(/home/parallels/yashomgit/install/f1tenth_gym_ros/share/colcon-core/packages/f1tenth_gym_ros)
[1.386s] DEBUG:colcon.colcon_parallel_executor.executor.parallel:closing loop
[1.387s] DEBUG:colcon.colcon_parallel_executor.executor.parallel:loop closed
[1.387s] DEBUG:colcon.colcon_parallel_executor.executor.parallel:run_until_complete finished with '0'
[1.387s] DEBUG:colcon.colcon_core.event_reactor:joining thread
[1.399s] INFO:colcon.colcon_core.plugin_system:Skipping extension 'colcon_notification.desktop_notification.terminal_notifier': Not used on non-Darwin systems
[1.399s] INFO:colcon.colcon_core.plugin_system:Skipping extension 'colcon_notification.desktop_notification.win32': Not used on non-Windows systems
[1.399s] INFO:colcon.colcon_notification.desktop_notification:Sending desktop notification using 'notify2'
[1.426s] DEBUG:colcon.colcon_core.event_reactor:joined thread
[1.444s] INFO:colcon.colcon_core.shell:Creating prefix script '/home/parallels/yashomgit/install/local_setup.ps1'
[1.444s] INFO:colcon.colcon_core.shell:Creating prefix util module '/home/parallels/yashomgit/install/_local_setup_util_ps1.py'
[1.445s] INFO:colcon.colcon_core.shell:Creating prefix chain script '/home/parallels/yashomgit/install/setup.ps1'
[1.452s] INFO:colcon.colcon_core.shell:Creating prefix script '/home/parallels/yashomgit/install/local_setup.sh'
[1.453s] INFO:colcon.colcon_core.shell:Creating prefix util module '/home/parallels/yashomgit/install/_local_setup_util_sh.py'
[1.453s] INFO:colcon.colcon_core.shell:Creating prefix chain script '/home/parallels/yashomgit/install/setup.sh'
[1.465s] INFO:colcon.colcon_core.shell:Creating prefix script '/home/parallels/yashomgit/install/local_setup.bash'
[1.465s] INFO:colcon.colcon_core.shell:Creating prefix chain script '/home/parallels/yashomgit/install/setup.bash'
[1.473s] INFO:colcon.colcon_core.shell:Creating prefix script '/home/parallels/yashomgit/install/local_setup.zsh'
[1.474s] INFO:colcon.colcon_core.shell:Creating prefix chain script '/home/parallels/yashomgit/install/setup.zsh'
